<?xml version="1.0" encoding="UTF-8"?>
<testsuite xmlns:xsi="http://www.w3.org/2001/XMLSchema-instance" xsi:noNamespaceSchemaLocation="https://maven.apache.org/surefire/maven-surefire-plugin/xsd/surefire-test-report-3.0.xsd" version="3.0" name="com.example.services.ClienteServicioTest" time="1.555" tests="3" errors="0" skipped="0" failures="0">
  <properties>
[...]
</properties>
  <testcase name="testCargarCliente" classname="com.example.services.ClienteServicioTest" time="1.524"/>
  <testcase name="testMostrarClienteConDatos" classname="com.example.services.ClienteServicioTest" time="0.025"/>
  <testcase name="testMostrarClienteEmpty" classname="com.example.services.ClienteServicioTest" time="0.002"/>
</testsuite>